TN:
SF:src/domain/product/product.service.ts
FN:8,ProductService
FN:10,createProduct
FN:15,findAll
FN:19,findById
FN:23,delete
FN:27,update
FNF:6
FNH:6
FNDA:5,ProductService
FNDA:1,createProduct
FNDA:1,findAll
FNDA:1,findById
FNDA:1,delete
FNDA:1,update
DA:1,1
DA:2,1
DA:3,1
DA:4,1
DA:5,1
DA:6,1
DA:7,1
DA:8,1
DA:9,1
DA:10,1
DA:11,1
DA:12,1
DA:13,1
DA:14,1
DA:15,1
DA:16,1
DA:17,1
DA:18,1
DA:19,1
DA:20,1
DA:21,1
DA:22,1
DA:23,1
DA:24,1
DA:25,1
DA:26,1
DA:27,1
DA:28,1
DA:29,1
DA:30,1
DA:31,1
LF:31
LH:31
BRDA:8,0,0,5
BRDA:10,1,0,1
BRDA:15,2,0,1
BRDA:19,3,0,1
BRDA:23,4,0,1
BRDA:27,5,0,1
BRF:6
BRH:6
end_of_record
TN:
SF:src/domain/user/user.service.ts
FN:9,UserService
FN:11,createUser
FN:33,findByEmail
FN:37,findAll
FNF:4
FNH:3
FNDA:2,UserService
FNDA:1,createUser
FNDA:2,findByEmail
FNDA:0,findAll
DA:1,1
DA:2,1
DA:3,1
DA:4,1
DA:5,1
DA:6,1
DA:7,1
DA:8,1
DA:9,1
DA:10,1
DA:11,1
DA:12,1
DA:13,1
DA:14,1
DA:15,1
DA:16,0
DA:17,0
DA:18,1
DA:19,1
DA:20,1
DA:21,1
DA:22,1
DA:23,1
DA:24,1
DA:25,1
DA:26,1
DA:27,1
DA:28,1
DA:29,1
DA:30,1
DA:31,1
DA:32,1
DA:33,1
DA:34,2
DA:35,2
DA:36,1
DA:37,1
DA:38,0
DA:39,0
DA:40,0
DA:41,0
DA:42,0
DA:43,0
DA:44,0
DA:45,0
DA:46,0
DA:47,0
DA:48,0
DA:49,0
DA:50,0
DA:51,1
LF:51
LH:36
BRDA:9,0,0,2
BRDA:11,1,0,1
BRDA:15,2,0,0
BRDA:33,3,0,2
BRF:4
BRH:3
end_of_record
TN:
SF:src/infra/errors/ErrorHandler.ts
FN:6,ErrorHandler
FNF:1
FNH:0
FNDA:0,ErrorHandler
DA:1,1
DA:2,1
DA:3,1
DA:4,1
DA:5,1
DA:6,1
DA:7,0
DA:8,0
DA:9,0
DA:10,1
DA:11,1
LF:11
LH:8
BRF:0
BRH:0
end_of_record
